C:\USERS\JOãO LUCAS\DESKTOP\TP\TP\DEBUG\CONSOLA.OBJ
C:\USERS\JOãO LUCAS\DESKTOP\TP\TP\DEBUG\EDIFICIO.OBJ
C:\USERS\JOãO LUCAS\DESKTOP\TP\TP\DEBUG\FONT_RECURSO.OBJ
C:\USERS\JOãO LUCAS\DESKTOP\TP\TP\DEBUG\INTERFACE.OBJ
C:\USERS\JOãO LUCAS\DESKTOP\TP\TP\DEBUG\JOGO.OBJ
C:\USERS\JOãO LUCAS\DESKTOP\TP\TP\DEBUG\MAIN.OBJ
C:\USERS\JOãO LUCAS\DESKTOP\TP\TP\DEBUG\POPULACAO.OBJ
C:\USERS\JOãO LUCAS\DESKTOP\TP\TP\DEBUG\UNIDADE.OBJ
C:\USERS\JOÃO LUCAS\DESKTOP\TP\TP\DEBUG\VC110.PDB
C:\USERS\JOãO LUCAS\DESKTOP\TP\DEBUG\TP.ILK
C:\USERS\JOãO LUCAS\DESKTOP\TP\DEBUG\TP.EXE
C:\USERS\JOÃO LUCAS\DESKTOP\TP\DEBUG\TP.PDB
C:\Users\João Lucas\Desktop\EliseuGuimaraes_21230467_JoaoLucas_21230113\tp\tp\Debug\Consola.obj
C:\Users\João Lucas\Desktop\EliseuGuimaraes_21230467_JoaoLucas_21230113\tp\tp\Debug\Edificio.obj
C:\Users\João Lucas\Desktop\EliseuGuimaraes_21230467_JoaoLucas_21230113\tp\tp\Debug\Font_recurso.obj
C:\Users\João Lucas\Desktop\EliseuGuimaraes_21230467_JoaoLucas_21230113\tp\tp\Debug\Interface.obj
C:\Users\João Lucas\Desktop\EliseuGuimaraes_21230467_JoaoLucas_21230113\tp\tp\Debug\Jogo.obj
C:\Users\João Lucas\Desktop\EliseuGuimaraes_21230467_JoaoLucas_21230113\tp\tp\Debug\main.obj
C:\Users\João Lucas\Desktop\EliseuGuimaraes_21230467_JoaoLucas_21230113\tp\tp\Debug\Populacao.obj
C:\Users\João Lucas\Desktop\EliseuGuimaraes_21230467_JoaoLucas_21230113\tp\tp\Debug\Unidade.obj
C:\Users\João Lucas\Desktop\EliseuGuimaraes_21230467_JoaoLucas_21230113\tp\tp\Debug\cl.command.1.tlog
C:\Users\João Lucas\Desktop\EliseuGuimaraes_21230467_JoaoLucas_21230113\tp\tp\Debug\CL.read.1.tlog
C:\Users\João Lucas\Desktop\EliseuGuimaraes_21230467_JoaoLucas_21230113\tp\tp\Debug\CL.write.1.tlog
C:\Users\João Lucas\Desktop\EliseuGuimaraes_21230467_JoaoLucas_21230113\tp\tp\Debug\link-cvtres.read.1.tlog
C:\Users\João Lucas\Desktop\EliseuGuimaraes_21230467_JoaoLucas_21230113\tp\tp\Debug\link-cvtres.write.1.tlog
C:\Users\João Lucas\Desktop\EliseuGuimaraes_21230467_JoaoLucas_21230113\tp\tp\Debug\link-rc.read.1.tlog
C:\Users\João Lucas\Desktop\EliseuGuimaraes_21230467_JoaoLucas_21230113\tp\tp\Debug\link-rc.write.1.tlog
C:\Users\João Lucas\Desktop\EliseuGuimaraes_21230467_JoaoLucas_21230113\tp\tp\Debug\link.command.1.tlog
C:\Users\João Lucas\Desktop\EliseuGuimaraes_21230467_JoaoLucas_21230113\tp\tp\Debug\link.read.1.tlog
C:\Users\João Lucas\Desktop\EliseuGuimaraes_21230467_JoaoLucas_21230113\tp\tp\Debug\link.write.1.tlog
C:\Users\João Lucas\Desktop\EliseuGuimaraes_21230467_JoaoLucas_21230113\tp\tp\Debug\vc110.idb
C:\Users\João Lucas\Desktop\EliseuGuimaraes_21230467_JoaoLucas_21230113\tp\tp\Debug\vc110.pdb
C:\Users\João Lucas\Desktop\EliseuGuimaraes_21230467_JoaoLucas_21230113\tp\Debug\tp.pdb
C:\Users\João Lucas\Desktop\EliseuGuimaraes_21230467_JoaoLucas_21230113\tp\Debug\tp.exe
C:\Users\João Lucas\Desktop\EliseuGuimaraes_21230467_JoaoLucas_21230113\tp\Debug\tp.ilk
