Build started 12/01/2015 07:25:01.
     1>Project "C:\Users\João Lucas\Desktop\EliseuGuimaraes_21230467_JoaoLucas_21230113\tp\tp\tp.vcxproj" on node 2 (Rebuild target(s)).
     1>ClCompile:
         C:\Program Files (x86)\Microsoft Visual Studio 11.0\VC\bin\CL.exe /c /ZI /nologo /W3 /WX- /Od /Oy- /D WIN32 /D _DEBUG /D _CONSOLE /D _UNICODE /D UNICODE /Gm /EHsc /RTC1 /MDd /GS /fp:precise /Zc:wchar_t /Zc:forScope /Fo"Debug\\" /Fd"Debug\vc110.pdb" /Gd /TP /analyze- /errorReport:prompt Consola.cpp Edificio.cpp Font_recurso.cpp Interface.cpp Jogo.cpp main.cpp Populacao.cpp Unidade.cpp
         Unidade.cpp
         Populacao.cpp
         main.cpp
         Jogo.cpp
         Interface.cpp
         Font_recurso.cpp
         Edificio.cpp
         Consola.cpp
         Generating Code...
       Link:
         C:\Program Files (x86)\Microsoft Visual Studio 11.0\VC\bin\link.exe /ERRORREPORT:PROMPT /OUT:"C:\Users\João Lucas\Desktop\EliseuGuimaraes_21230467_JoaoLucas_21230113\tp\Debug\tp.exe" /INCREMENTAL /NOLOGO kernel32.lib user32.lib gdi32.lib winspool.lib comdlg32.lib advapi32.lib shell32.lib ole32.lib oleaut32.lib uuid.lib odbc32.lib odbccp32.lib /MANIFEST /MANIFESTUAC:"level='asInvoker' uiAccess='false'" /manifest:embed /DEBUG /PDB:"C:\Users\João Lucas\Desktop\EliseuGuimaraes_21230467_JoaoLucas_21230113\tp\Debug\tp.pdb" /SUBSYSTEM:CONSOLE /TLBID:1 /DYNAMICBASE /NXCOMPAT /IMPLIB:"C:\Users\João Lucas\Desktop\EliseuGuimaraes_21230467_JoaoLucas_21230113\tp\Debug\tp.lib" /MACHINE:X86 Debug\Consola.obj
         Debug\Edificio.obj
         Debug\Font_recurso.obj
         Debug\Interface.obj
         Debug\Jogo.obj
         Debug\main.obj
         Debug\Populacao.obj
         Debug\Unidade.obj
         tp.vcxproj -> C:\Users\João Lucas\Desktop\EliseuGuimaraes_21230467_JoaoLucas_21230113\tp\Debug\tp.exe
     1>Done Building Project "C:\Users\João Lucas\Desktop\EliseuGuimaraes_21230467_JoaoLucas_21230113\tp\tp\tp.vcxproj" (Rebuild target(s)).

Build succeeded.

Time Elapsed 00:00:15.58
